projectV3/app/build/intermediates/manifest_merge_blame_file/debug/manifest-merger-blame-debug-report.txt
1<?xml version="1.0" encoding="utf-8"?>
2<manifest xmlns:android="http://schemas.android.com/apk/res/android"
3    package="com.example.projectv3"
4    android:installLocation="auto"
5    android:versionCode="1"
6    android:versionName="1.0" >
7
8    <uses-sdk
9        android:minSdkVersion="28"
10        android:targetSdkVersion="33" />
11
12    <uses-permission android:name="android.permission.INTERNET" />
12-->src\main\AndroidManifest.xml:6:5-67
12-->src\main\AndroidManifest.xml:6:22-64
13    <uses-permission android:name="android.permission.ACCESS_NETWORK_STATE" />
13-->src\main\AndroidManifest.xml:7:5-79
13-->src\main\AndroidManifest.xml:7:22-76
14    <uses-permission android:name="android.permission.READ_EXTERNAL_STORAGE" />
14-->src\main\AndroidManifest.xml:8:5-80
14-->src\main\AndroidManifest.xml:8:22-77
15    <uses-permission android:name="android.permission.WRITE_EXTERNAL_STORAGE" />
15-->src\main\AndroidManifest.xml:9:5-81
15-->src\main\AndroidManifest.xml:9:22-78
16
17    <application
17-->src\main\AndroidManifest.xml:11:5-48:19
18        android:name="com.example.projectv3.ProjectApplication"
18-->src\main\AndroidManifest.xml:12:9-43
19        android:allowBackup="true"
19-->src\main\AndroidManifest.xml:13:9-35
20        android:appComponentFactory="androidx.core.app.CoreComponentFactory"
20-->[androidx.core:core:1.8.0] AndroidManifest.xml:24:18-86
21        android:debuggable="true"
22        android:extractNativeLibs="false"
23        android:icon="@mipmap/ic_launcher"
23-->src\main\AndroidManifest.xml:14:9-43
24        android:label="@string/app_name"
24-->src\main\AndroidManifest.xml:15:9-41
25        android:networkSecurityConfig="@xml/network_security_config"
25-->src\main\AndroidManifest.xml:20:9-69
26        android:roundIcon="@mipmap/ic_launcher_round"
26-->src\main\AndroidManifest.xml:16:9-54
27        android:supportsRtl="true"
27-->src\main\AndroidManifest.xml:17:9-35
28        android:theme="@style/Theme.ProjectV3"
28-->src\main\AndroidManifest.xml:18:9-47
29        android:usesCleartextTraffic="true" >
29-->src\main\AndroidManifest.xml:19:9-44
30        <activity
30-->src\main\AndroidManifest.xml:22:9-30:20
31            android:name="com.example.projectv3.SplashActivity"
31-->src\main\AndroidManifest.xml:23:13-43
32            android:exported="true"
32-->src\main\AndroidManifest.xml:24:13-36
33            android:theme="@style/Theme.ProjectV3.NoActionBar" >
33-->src\main\AndroidManifest.xml:25:13-63
34            <intent-filter>
34-->src\main\AndroidManifest.xml:26:13-29:29
35                <action android:name="android.intent.action.MAIN" />
35-->src\main\AndroidManifest.xml:27:17-69
35-->src\main\AndroidManifest.xml:27:25-66
36
37                <category android:name="android.intent.category.LAUNCHER" />
37-->src\main\AndroidManifest.xml:28:17-77
37-->src\main\AndroidManifest.xml:28:27-74
38            </intent-filter>
39        </activity>
40        <activity
40-->src\main\AndroidManifest.xml:32:9-34:38
41            android:name="com.example.projectv3.LoginActivity"
41-->src\main\AndroidManifest.xml:33:13-42
42            android:exported="true" />
42-->src\main\AndroidManifest.xml:34:13-36
43        <activity
43-->src\main\AndroidManifest.xml:36:9-38:40
44            android:name="com.example.projectv3.RegisterActivity"
44-->src\main\AndroidManifest.xml:37:13-45
45            android:exported="false" />
45-->src\main\AndroidManifest.xml:38:13-37
46        <activity
46-->src\main\AndroidManifest.xml:40:9-42:40
47            android:name="com.example.projectv3.MainActivity"
47-->src\main\AndroidManifest.xml:41:13-41
48            android:exported="false" />
48-->src\main\AndroidManifest.xml:42:13-37
49
50        <service
50-->src\main\AndroidManifest.xml:44:9-46:40
51            android:name="com.example.projectv3.ModelDownloadService"
51-->src\main\AndroidManifest.xml:45:13-49
52            android:exported="false" />
52-->src\main\AndroidManifest.xml:46:13-37
53    </application>
54
55</manifest>